{
  "RSpec": {
    "coverage": {
      "/Users/Miral/Documents/url_short/spec/models/url_spec.rb": [
        1,
        null,
        1,
        1,
        1,
        1,
        1,
        null,
        null,
        null,
        1,
        1,
        1,
        null,
        null,
        null,
        null,
        1,
        1,
        2,
        1,
        1,
        null,
        null,
        null,
        1,
        2,
        1,
        1,
        null,
        null,
        null,
        1,
        2,
        1,
        1,
        null,
        1,
        1,
        null,
        null,
        null,
        1,
        2,
        1,
        1,
        null,
        1,
        1,
        null,
        null,
        null,
        null
      ],
      "/Users/Miral/Documents/url_short/spec/rails_helper.rb": [
        null,
        1,
        1,
        1,
        null,
        1,
        1,
        null,
        null,
        null,
        null,
        null,
        null,
        null,
        null,
        null,
        null,
        null,
        null,
        null,
        null,
        null,
        null,
        null,
        null,
        null,
        1,
        1,
        null,
        0,
        0,
        null,
        1,
        null,
        1,
        null,
        null,
        null,
        null,
        1,
        null,
        null,
        null,
        null,
        null,
        null,
        null,
        null,
        null,
        null,
        null,
        null,
        null,
        null,
        1,
        null,
        null,
        1,
        null,
        null,
        null
      ],
      "/Users/Miral/Documents/url_short/config/environment.rb": [
        null,
        1,
        null,
        null,
        1
      ],
      "/Users/Miral/Documents/url_short/config/application.rb": [
        1,
        null,
        1,
        null,
        null,
        null,
        1,
        null,
        1,
        1,
        null,
        1,
        null,
        null,
        null,
        null,
        null,
        null
      ],
      "/Users/Miral/Documents/url_short/config/boot.rb": [
        1,
        null,
        1
      ],
      "/Users/Miral/Documents/url_short/config/environments/test.rb": [
        1,
        null,
        null,
        null,
        null,
        null,
        null,
        1,
        null,
        null,
        null,
        null,
        1,
        null,
        null,
        1,
        1,
        null,
        null,
        null,
        null,
        1,
        1,
        null,
        null,
        1,
        null,
        null,
        1,
        1,
        null,
        null,
        null,
        null,
        1,
        null,
        null,
        1,
        null,
        null,
        null,
        null
      ],
      "/Users/Miral/Documents/url_short/config/initializers/application_controller_renderer.rb": [
        null,
        null,
        null,
        null,
        null,
        null,
        null,
        null
      ],
      "/Users/Miral/Documents/url_short/config/initializers/assets.rb": [
        null,
        null,
        null,
        1,
        null,
        null,
        null,
        null,
        1,
        null,
        null,
        null,
        null,
        null
      ],
      "/Users/Miral/Documents/url_short/config/initializers/backtrace_silencers.rb": [
        null,
        null,
        null,
        null,
        null,
        null,
        null
      ],
      "/Users/Miral/Documents/url_short/config/initializers/cookies_serializer.rb": [
        null,
        null,
        null,
        null,
        1
      ],
      "/Users/Miral/Documents/url_short/config/initializers/filter_parameter_logging.rb": [
        null,
        null,
        null,
        1
      ],
      "/Users/Miral/Documents/url_short/config/initializers/inflections.rb": [
        null,
        null,
        null,
        null,
        null,
        null,
        null,
        null,
        null,
        null,
        null,
        null,
        null,
        null,
        null,
        null
      ],
      "/Users/Miral/Documents/url_short/config/initializers/mime_types.rb": [
        null,
        null,
        null,
        null
      ],
      "/Users/Miral/Documents/url_short/config/initializers/swagger.rb": [
        1,
        1,
        1,
        null,
        1,
        0,
        null
      ],
      "/Users/Miral/Documents/url_short/config/initializers/wrap_parameters.rb": [
        null,
        null,
        null,
        null,
        null,
        null,
        1,
        2,
        null,
        null,
        null,
        null,
        null,
        null
      ],
      "/Users/Miral/Documents/url_short/spec/factories/urls.rb": [
        1,
        1,
        2,
        3,
        null,
        null
      ],
      "/Users/Miral/Documents/url_short/config/routes.rb": [
        1,
        null,
        null,
        1,
        1,
        1,
        1,
        null
      ],
      "/Users/Miral/Documents/url_short/app/api/core/api_v1.rb": [
        1,
        1,
        1,
        1,
        null,
        null,
        null,
        1,
        null,
        1,
        1,
        null,
        null,
        null,
        1,
        null,
        null,
        null,
        null,
        null,
        null,
        null,
        null,
        null,
        null,
        null,
        null,
        null,
        null,
        null,
        null
      ],
      "/Users/Miral/Documents/url_short/app/api/core/v1/exceptions/handlers.rb": [
        1,
        1,
        1,
        1,
        1,
        1,
        null,
        1,
        1,
        0,
        null,
        null,
        null,
        null,
        null,
        null,
        null,
        null,
        null,
        0,
        null,
        null,
        null,
        1,
        0,
        null,
        null,
        null,
        null,
        null,
        0,
        null,
        null,
        null,
        null,
        1,
        1,
        null,
        null,
        null,
        null,
        null,
        1,
        null,
        null,
        null,
        null,
        null,
        null,
        null
      ],
      "/Users/Miral/Documents/url_short/app/api/core/v1/urls.rb": [
        1,
        null,
        1,
        1,
        1,
        1,
        1,
        1,
        null,
        1,
        1,
        1,
        1,
        1,
        null,
        null,
        1,
        1,
        null,
        1,
        1,
        null,
        1,
        5,
        5,
        null,
        null,
        null,
        null
      ],
      "/Users/Miral/Documents/url_short/app/api/core/v1/entities/url.rb": [
        1,
        1,
        1,
        1,
        1,
        1,
        1,
        1,
        1,
        null,
        1,
        5,
        null,
        null,
        1,
        5,
        null,
        null,
        null,
        null,
        null
      ],
      "/Users/Miral/Documents/url_short/app/helpers/application_helper.rb": [
        1,
        null
      ],
      "/Users/Miral/Documents/url_short/app/helpers/url_helper.rb": [
        1,
        null
      ],
      "/Users/Miral/Documents/url_short/app/models/url.rb": [
        1,
        1,
        1,
        1,
        1,
        null,
        null,
        null,
        1,
        7,
        6,
        null,
        null,
        1,
        null,
        1,
        7,
        7,
        null,
        null
      ],
      "/Users/Miral/Documents/url_short/app/models/application_record.rb": [
        1,
        1,
        null
      ],
      "/Users/Miral/Documents/url_short/spec/requests/core/v1/url_spec.rb": [
        null,
        null,
        null,
        1,
        null,
        1,
        null,
        1,
        1,
        1,
        1,
        null,
        null,
        1,
        1,
        null,
        null,
        null,
        null,
        1,
        6,
        1,
        5,
        null,
        null,
        1,
        1,
        null,
        null,
        1,
        1,
        null,
        null,
        1,
        1,
        null,
        null,
        1,
        1,
        null,
        null,
        1,
        1,
        null,
        null,
        null,
        1,
        2,
        1,
        1,
        null,
        null,
        1,
        1,
        null,
        null,
        null
      ],
      "/Users/Miral/Documents/url_short/spec/services/url_shortener_spec.rb": [
        1,
        null,
        1,
        1,
        3,
        null,
        1,
        1,
        1,
        null,
        null,
        1,
        1,
        1,
        1,
        null,
        null,
        null
      ],
      "/Users/Miral/Documents/url_short/app/services/url_shortener.rb": [
        null,
        null,
        1,
        1,
        8,
        null,
        null,
        1,
        8,
        null,
        null,
        1,
        null,
        null,
        null,
        null,
        1,
        8,
        49,
        null,
        null,
        1,
        8,
        8,
        8,
        null,
        null,
        null,
        1,
        8,
        8,
        8,
        8,
        null,
        null,
        1,
        null
      ]
    },
    "timestamp": 1534687175
  }
}
